.
└── TG
    └── BW
        └── UN
            ├── PL
            │   ├── CL
            │   │   ├── 00
            │   │   │   ├── 100
            │   │   │   ├── 25
            │   │   │   ├── 37
            │   │   │   ├── 50
            │   │   │   ├── 63
            │   │   │   ├── 75
            │   │   │   └── 87
            │   │   ├── 01
            │   │   │   ├── 100
            │   │   │   ├── 25
            │   │   │   ├── 37
            │   │   │   ├── 50
            │   │   │   ├── 63
            │   │   │   ├── 75
            │   │   │   └── 87
            │   │   ├── 02
            │   │   │   ├── 100
            │   │   │   ├── 25
            │   │   │   ├── 37
            │   │   │   ├── 50
            │   │   │   ├── 63
            │   │   │   ├── 75
            │   │   │   └── 87
            │   │   └── 03
            │   │       ├── 100
            │   │       ├── 25
            │   │       ├── 37
            │   │       ├── 50
            │   │       ├── 63
            │   │       ├── 75
            │   │       └── 87
            │   └── PF
            │       ├── 00
            │       │   ├── 100
            │       │   ├── 25
            │       │   ├── 37
            │       │   ├── 50
            │       │   ├── 63
            │       │   ├── 75
            │       │   └── 87
            │       ├── 01
            │       │   ├── 100
            │       │   ├── 25
            │       │   ├── 37
            │       │   ├── 50
            │       │   ├── 63
            │       │   ├── 75
            │       │   └── 87
            │       ├── 02
            │       │   ├── 100
            │       │   ├── 25
            │       │   ├── 37
            │       │   ├── 50
            │       │   ├── 63
            │       │   ├── 75
            │       │   └── 87
            │       └── 03
            │           ├── 100
            │           ├── 25
            │           ├── 37
            │           ├── 50
            │           ├── 63
            │           ├── 75
            │           └── 87
            └── UN
                ├── CL
                │   ├── 00
                │   │   ├── 100
                │   │   ├── 25
                │   │   ├── 37
                │   │   ├── 50
                │   │   ├── 63
                │   │   ├── 75
                │   │   └── 87
                │   ├── 01
                │   │   ├── 100
                │   │   ├── 25
                │   │   ├── 37
                │   │   ├── 50
                │   │   ├── 63
                │   │   ├── 75
                │   │   └── 87
                │   ├── 02
                │   │   ├── 100
                │   │   ├── 25
                │   │   ├── 37
                │   │   ├── 50
                │   │   ├── 63
                │   │   ├── 75
                │   │   └── 87
                │   └── 03
                │       ├── 100
                │       ├── 25
                │       ├── 37
                │       ├── 50
                │       ├── 63
                │       ├── 75
                │       └── 87
                └── PF
                    ├── 00
                    │   ├── 100
                    │   ├── 25
                    │   ├── 37
                    │   ├── 50
                    │   ├── 63
                    │   ├── 75
                    │   └── 87
                    ├── 01
                    │   ├── 100
                    │   ├── 25
                    │   ├── 37
                    │   ├── 50
                    │   ├── 63
                    │   ├── 75
                    │   └── 87
                    ├── 02
                    │   ├── 100
                    │   ├── 25
                    │   ├── 37
                    │   ├── 50
                    │   ├── 63
                    │   ├── 75
                    │   └── 87
                    └── 03
                        ├── 100
                        ├── 25
                        ├── 37
                        ├── 50
                        ├── 63
                        ├── 75
                        └── 87

137 directories
